<?xml version="1.0" encoding="UTF-8"?>
<!-- Generated by org.testng.reporters.JUnitReportReporter -->
<testsuite hostname="CHFNT0008" failures="0" tests="3" name="Pruebas.AppTest" time="14.100" errors="0" timestamp="05 ene. 2023 16:18:02 GMT" skipped="0">
  <testcase classname="Pruebas.AppTest" name="selectHaiti" time="10.468"/>
  <testcase classname="Pruebas.AppTest" name="verifRadioButton" time="0.279"/>
  <testcase classname="Pruebas.AppTest" name="fromTo" time="3.353"/>
</testsuite> <!-- Pruebas.AppTest -->
