<?xml version="1.0" encoding="UTF-8"?>
<!-- Generated by org.testng.reporters.JUnitReportReporter -->
<testsuite hostname="CHFNT0008" failures="0" tests="2" name="Pruebas.AppTest" time="10.289" errors="0" timestamp="11 ene. 2023 17:31:40 GMT" skipped="0">
  <testcase classname="Pruebas.AppTest" name="selectHaiti" time="10.196"/>
  <testcase classname="Pruebas.AppTest" name="verifRadioButton" time="0.093"/>
</testsuite> <!-- Pruebas.AppTest -->
