<?xml version="1.0" encoding="UTF-8"?>
<!-- Generated by org.testng.reporters.JUnitReportReporter -->
<testsuite hostname="CHFNT0008" failures="0" tests="3" name="Pruebas.AppTest" time="14.235" errors="0" timestamp="05 ene. 2023 18:18:09 GMT" skipped="0">
  <testcase classname="Pruebas.AppTest" name="verifRadioButton" time="0.341"/>
  <testcase classname="Pruebas.AppTest" name="fromTo" time="3.477"/>
  <testcase classname="Pruebas.AppTest" name="selectHaiti" time="10.417"/>
</testsuite> <!-- Pruebas.AppTest -->
