<?xml version="1.0" encoding="UTF-8"?>
<!-- Generated by org.testng.reporters.JUnitReportReporter -->
<testsuite skipped="0" hostname="CHFNT0008" name="Pruebas.AppTest" tests="2" failures="0" timestamp="17 ene 2023 14:48:39 GMT" time="10.350" errors="0">
  <testcase name="selectHaiti" time="10.215" classname="Pruebas.AppTest"/>
  <testcase name="verifRadioButton" time="0.135" classname="Pruebas.AppTest"/>
</testsuite> <!-- Pruebas.AppTest -->
